<?xml version="1.0" encoding="UTF-8" ?>
<testsuites errors="1"
            failures="0"
            tests="0">

  <testsuite name="test-with-pageobjects"
    errors="1" failures="0" hostname="" id="" package="test-with-pageobjects" skipped="2"
    tests="0" time="0.000" timestamp="">
  

  
    <system-err>
        Error: An error occurred while retrieving a new session: &#34;Expected browser binary location, but unable to find binary in default location, no &#39;moz:firefoxOptions.binary&#39; capability provided, and no binary flag set on the command line&#34;
       at endReadableNT (_stream_readable.js:1201:12)
       at processTicksAndRejections (internal/process/task_queues.js:84:21)
  Error: An error occurred while retrieving a new session: &#34;Expected browser binary location, but unable to find binary in default location, no &#39;moz:firefoxOptions.binary&#39; capability provided, and no binary flag set on the command line&#34;
       at endReadableNT (_stream_readable.js:1201:12)
       at processTicksAndRejections (internal/process/task_queues.js:84:21)
    </system-err>
  

    
    <error message="An error occurred while retrieving a new session: &#34;Expected browser binary location, but unable to find binary in default location, no &#39;moz:firefoxOptions.binary&#39; capability provided, and no binary flag set on the command line&#34;"><![CDATA[
      Error: An error occurred while retrieving a new session: &#34;Expected browser binary location, but unable to find binary in default location, no &#39;moz:firefoxOptions.binary&#39; capability provided, and no binary flag set on the command line&#34;
    at WebdriverProtocol.handleSessionCreateError (/var/web/blog-1997/node_modules/nightwatch/lib/transport/transport.js:103:15)
    at HttpRequest.&lt;anonymous&gt; (/var/web/blog-1997/node_modules/nightwatch/lib/transport/transport.js:158:32)
    at HttpRequest.emit (events.js:321:20)
    at HttpResponse.&lt;anonymous&gt; (/var/web/blog-1997/node_modules/nightwatch/lib/http/request.js:131:19)
    at HttpResponse.emit (events.js:321:20)
    at IncomingMessage.&lt;anonymous&gt; (/var/web/blog-1997/node_modules/nightwatch/lib/http/response.js:60:14)
    at IncomingMessage.emit (events.js:333:22)
    at endReadableNT (_stream_readable.js:1201:12)
    at processTicksAndRejections (internal/process/task_queues.js:84:21)
      ]]></error>  

  
    
    <testcase
      name="e2e tests using page objects" classname="test-with-pageobjects">
      <skipped />
    </testcase>
    
    <testcase
      name="verify if string &#34;e2e-nightwatch&#34; is within the cli plugin links" classname="test-with-pageobjects">
      <skipped />
    </testcase>
    
  
  </testsuite>
</testsuites>
